<?xml version="1.0" encoding="UTF-8"?>
<testsuite xmlns:xsi="http://www.w3.org/2001/XMLSchema-instance" xsi:noNamespaceSchemaLocation="https://maven.apache.org/surefire/maven-surefire-plugin/xsd/surefire-test-report-3.0.xsd" version="3.0" name="com.demo.se104.footballLeagueManager.FootballLeagueManagerApplicationTests" time="11.011" tests="1" errors="0" skipped="0" failures="0">
  <properties>
[...]
</properties>
  <testcase name="contextLoads" classname="com.demo.se104.footballLeagueManager.FootballLeagueManagerApplicationTests" time="0.801">
    <system-out><![CDATA[09:30:47.637 [main] INFO org.springframework.test.context.support.AnnotationConfigContextLoaderUtils -- Could not detect default configuration classes for test class [com.demo.se104.footballLeagueManager.FootballLeagueManagerApplicationTests]: FootballLeagueManagerApplicationTests does not declare any static, non-private, non-final, nested classes annotated with @Configuration.
09:30:47.839 [main] INFO org.springframework.boot.test.context.SpringBootTestContextBootstrapper -- Found @SpringBootConfiguration com.demo.se104.footballLeagueManager.FootballLeagueManagerApplication for test class com.demo.se104.footballLeagueManager.FootballLeagueManagerApplicationTests
09:30:48.139 [main] INFO org.springframework.boot.devtools.restart.RestartApplicationListener -- Restart disabled due to context in which it is running

  .   ____          _            __ _ _
 /\\ / ___'_ __ _ _(_)_ __  __ _ \ \ \ \
( ( )\___ | '_ | '_| | '_ \/ _` | \ \ \ \
 \\/  ___)| |_)| | | | | || (_| |  ) ) ) )
  '  |____| .__|_| |_|_| |_\__, | / / / /
 =========|_|==============|___/=/_/_/_/

 :: Spring Boot ::                (v3.3.1)

2024-07-08T09:30:48.560+07:00  INFO 31720 --- [footballLeagueManager] [           main] .f.FootballLeagueManagerApplicationTests : Starting FootballLeagueManagerApplicationTests using Java 17.0.10 with PID 31720 (started by nguye in D:\Workspace\demo hosting\football)
2024-07-08T09:30:48.563+07:00  INFO 31720 --- [footballLeagueManager] [           main] .f.FootballLeagueManagerApplicationTests : No active profile set, falling back to 1 default profile: "default"
2024-07-08T09:30:49.821+07:00  INFO 31720 --- [footballLeagueManager] [           main] .s.d.r.c.RepositoryConfigurationDelegate : Bootstrapping Spring Data JPA repositories in DEFAULT mode.
2024-07-08T09:30:49.998+07:00  INFO 31720 --- [footballLeagueManager] [           main] .s.d.r.c.RepositoryConfigurationDelegate : Finished Spring Data repository scanning in 164 ms. Found 11 JPA repository interfaces.
2024-07-08T09:30:50.877+07:00  INFO 31720 --- [footballLeagueManager] [           main] com.zaxxer.hikari.HikariDataSource       : HikariPool-1 - Starting...
2024-07-08T09:30:51.752+07:00  INFO 31720 --- [footballLeagueManager] [           main] com.zaxxer.hikari.pool.HikariPool        : HikariPool-1 - Added connection com.mysql.cj.jdbc.ConnectionImpl@511da44f
2024-07-08T09:30:51.756+07:00  INFO 31720 --- [footballLeagueManager] [           main] com.zaxxer.hikari.HikariDataSource       : HikariPool-1 - Start completed.
2024-07-08T09:30:51.836+07:00  INFO 31720 --- [footballLeagueManager] [           main] o.hibernate.jpa.internal.util.LogHelper  : HHH000204: Processing PersistenceUnitInfo [name: default]
2024-07-08T09:30:51.984+07:00  INFO 31720 --- [footballLeagueManager] [           main] org.hibernate.Version                    : HHH000412: Hibernate ORM core version 6.5.2.Final
2024-07-08T09:30:52.069+07:00  INFO 31720 --- [footballLeagueManager] [           main] o.h.c.internal.RegionFactoryInitiator    : HHH000026: Second-level cache disabled
2024-07-08T09:30:52.727+07:00  INFO 31720 --- [footballLeagueManager] [           main] o.s.o.j.p.SpringPersistenceUnitInfo      : No LoadTimeWeaver setup: ignoring JPA class transformer
2024-07-08T09:30:54.833+07:00  INFO 31720 --- [footballLeagueManager] [           main] o.h.e.t.j.p.i.JtaPlatformInitiator       : HHH000489: No JTA platform available (set 'hibernate.transaction.jta.platform' to enable JTA platform integration)
2024-07-08T09:30:54.839+07:00  INFO 31720 --- [footballLeagueManager] [           main] j.LocalContainerEntityManagerFactoryBean : Initialized JPA EntityManagerFactory for persistence unit 'default'
2024-07-08T09:30:55.485+07:00  INFO 31720 --- [footballLeagueManager] [           main] o.s.d.j.r.query.QueryEnhancerFactory     : Hibernate is in classpath; If applicable, HQL parser will be used.
2024-07-08T09:30:56.232+07:00  INFO 31720 --- [footballLeagueManager] [           main] o.s.s.p.JdbcUserDetailsManager           : No authentication manager set. Reauthentication of users when changing passwords will not be performed.
2024-07-08T09:30:56.278+07:00  WARN 31720 --- [footballLeagueManager] [           main] JpaBaseConfiguration$JpaWebConfiguration : spring.jpa.open-in-view is enabled by default. Therefore, database queries may be performed during view rendering. Explicitly configure spring.jpa.open-in-view to disable this warning
2024-07-08T09:30:56.347+07:00  INFO 31720 --- [footballLeagueManager] [           main] r$InitializeUserDetailsManagerConfigurer : Global AuthenticationManager configured with UserDetailsService bean with name userDetailsManager
2024-07-08T09:30:56.484+07:00  INFO 31720 --- [footballLeagueManager] [           main] o.s.b.a.w.s.WelcomePageHandlerMapping    : Adding welcome page: class path resource [static/index.html]
2024-07-08T09:30:57.494+07:00  INFO 31720 --- [footballLeagueManager] [           main] .f.FootballLeagueManagerApplicationTests : Started FootballLeagueManagerApplicationTests in 9.378 seconds (process running for 11.204)
]]></system-out>
  </testcase>
</testsuite>